<?xml version="1.0" encoding="UTF-8"?>
<testsuite xmlns:xsi="http://www.w3.org/2001/XMLSchema-instance" xsi:noNamespaceSchemaLocation="https://maven.apache.org/surefire/maven-surefire-plugin/xsd/surefire-test-report-3.0.xsd" version="3.0" name="cucumber01.RunCucumberTest" time="0.436" tests="3" errors="3" skipped="0" failures="0">
  <properties>
[...]
</properties>
  <testcase name="GET request to /users" classname="API Tests" time="0.174">
    <error type="java.lang.NullPointerException"><![CDATA[java.lang.NullPointerException
]]></error>
    <system-out><![CDATA[
Scenario: GET request to /users                                &amp#27;[90m# cucumber01/ApiSteps.feature:2&amp#27;[0m
  &amp#27;[31mGiven &amp#27;[0m&amp#27;[31mexisting Server application https://reqres.in/api&amp#27;[0m      &amp#27;[90m# cucumber01.StepDefinitions.existingServerApplicationHttpsReqresInApi()&amp#27;[0m
      &amp#27;[31mjava.lang.NullPointerException
	at cucumber01.StepDefinitions.existingServerApplicationHttpsReqresInApi(StepDefinitions.java:13)
	at ✽.existing Server application https://reqres.in/api(classpath:cucumber01/ApiSteps.feature:3)
&amp#27;[0m
  &amp#27;[36mThen &amp#27;[0m&amp#27;[36mon GET request to /users it returns expected users list&amp#27;[0m &amp#27;[90m# cucumber01.StepDefinitions.onGETRequestToUsersItReturnsExpectedUsersList()&amp#27;[0m
]]></system-out>
  </testcase>
  <testcase name="GET request to single user" classname="API Tests" time="0.067">
    <error type="java.lang.NullPointerException"><![CDATA[java.lang.NullPointerException
]]></error>
    <system-out><![CDATA[
Scenario: GET request to single user                                  &amp#27;[90m# cucumber01/ApiSteps.feature:5&amp#27;[0m
  &amp#27;[31mGiven &amp#27;[0m&amp#27;[31mexisting Server application https://reqres.in/api&amp#27;[0m             &amp#27;[90m# cucumber01.StepDefinitions.existingServerApplicationHttpsReqresInApi()&amp#27;[0m
      &amp#27;[31mjava.lang.NullPointerException
	at cucumber01.StepDefinitions.existingServerApplicationHttpsReqresInApi(StepDefinitions.java:13)
	at ✽.existing Server application https://reqres.in/api(classpath:cucumber01/ApiSteps.feature:6)
&amp#27;[0m
  &amp#27;[36mThen &amp#27;[0m&amp#27;[36mon GET request to /users/&amp#27;[0m&amp#27;[36m&amp#27;[1m2&amp#27;[0m&amp#27;[36m it returns expected welcome message&amp#27;[0m &amp#27;[90m# cucumber01.StepDefinitions.onGETRequestToUsersItReturnsExpectedWelcomeMessage(int)&amp#27;[0m
]]></system-out>
  </testcase>
  <testcase name="GET request to nonexisting user" classname="API Tests" time="0.012">
    <error type="java.lang.NullPointerException"><![CDATA[java.lang.NullPointerException
]]></error>
    <system-out><![CDATA[
Scenario: GET request to nonexisting user                     &amp#27;[90m# cucumber01/ApiSteps.feature:8&amp#27;[0m
  &amp#27;[31mGiven &amp#27;[0m&amp#27;[31mexisting Server application https://reqres.in/api&amp#27;[0m     &amp#27;[90m# cucumber01.StepDefinitions.existingServerApplicationHttpsReqresInApi()&amp#27;[0m
      &amp#27;[31mjava.lang.NullPointerException
	at cucumber01.StepDefinitions.existingServerApplicationHttpsReqresInApi(StepDefinitions.java:13)
	at ✽.existing Server application https://reqres.in/api(classpath:cucumber01/ApiSteps.feature:9)
&amp#27;[0m
  &amp#27;[36mThen &amp#27;[0m&amp#27;[36mon GET request to /users/&amp#27;[0m&amp#27;[36m&amp#27;[1m23&amp#27;[0m&amp#27;[36m it returns &amp#27;[0m&amp#27;[36m&amp#27;[1m404&amp#27;[0m&amp#27;[36m status code&amp#27;[0m &amp#27;[90m# cucumber01.StepDefinitions.onGETRequestToUsersItReturnsStatusCode(int,int)&amp#27;[0m
]]></system-out>
  </testcase>
</testsuite>